[debug] [2023-07-06T20:20:13.337Z] ----------------------------------------------------------------------
[debug] [2023-07-06T20:20:13.340Z] Command:       C:\Program Files\nodejs\node.exe C:\Users\Vasyok\AppData\Roaming\npm\node_modules\firebase-tools\lib\bin\firebase.js init
[debug] [2023-07-06T20:20:13.340Z] CLI Version:   12.4.2
[debug] [2023-07-06T20:20:13.341Z] Platform:      win32
[debug] [2023-07-06T20:20:13.341Z] Node Version:  v18.14.2
[debug] [2023-07-06T20:20:13.342Z] Time:          Thu Jul 06 2023 23:20:13 GMT+0300 (за східноєвропейським літнім часом)
[debug] [2023-07-06T20:20:13.342Z] ----------------------------------------------------------------------
[debug] 
[debug] [2023-07-06T20:20:13.355Z] > command requires scopes: ["email","openid","https://www.googleapis.com/auth/cloudplatformprojects.readonly","https://www.googleapis.com/auth/firebase","https://www.googleapis.com/auth/cloud-platform"]
[debug] [2023-07-06T20:20:13.356Z] > authorizing via signed-in user (frontendmix21@gmail.com)
[info] 
     ######## #### ########  ######## ########     ###     ######  ########
     ##        ##  ##     ## ##       ##     ##  ##   ##  ##       ##
     ######    ##  ########  ######   ########  #########  ######  ######
     ##        ##  ##    ##  ##       ##     ## ##     ##       ## ##
     ##       #### ##     ## ######## ########  ##     ##  ######  ########

You're about to initialize a Firebase project in this directory:

  C:\Users\Vasyok\Downloads\create-3d-scroll-site (1)\create-3d-scroll-site\ready-html

[info] 
=== Project Setup
[info] 
[info] First, let's associate this project directory with a Firebase project.
[info] You can create multiple project aliases by running firebase use --add, 
[info] but for now we'll just set up a default project.
[info] 
[debug] [2023-07-06T20:20:45.980Z] >>> [apiv2][query] GET https://firebase.googleapis.com/v1beta1/projects pageSize=100
[debug] [2023-07-06T20:20:46.684Z] <<< [apiv2][status] GET https://firebase.googleapis.com/v1beta1/projects 200
[debug] [2023-07-06T20:20:46.684Z] <<< [apiv2][body] GET https://firebase.googleapis.com/v1beta1/projects [omitted]
[info] i  Using project beautiful-girl-7b28a (beautiful-girl) 
[info] 
=== Hosting Setup
[info] 
[info] Your public directory is the folder (relative to your project directory) that
[info] will contain Hosting assets to be uploaded with firebase deploy. If you
[info] have a build process for your assets, use your build's output directory.
[info] 
[debug] [2023-07-06T20:21:23.962Z] Error: ENOTDIR: not a directory, scandir 'C:\Users\Vasyok\Downloads\create-3d-scroll-site (1)\create-3d-scroll-site\ready-html\index.html'
    at Object.readdirSync (node:fs:1451:3)
    at Object.createFileSync (C:\Users\Vasyok\AppData\Roaming\npm\node_modules\firebase-tools\node_modules\fs-extra\lib\ensure\file.js:55:10)
    at Config.writeProjectFile (C:\Users\Vasyok\AppData\Roaming\npm\node_modules\firebase-tools\lib\config.js:152:12)
    at C:\Users\Vasyok\AppData\Roaming\npm\node_modules\firebase-tools\lib\config.js:176:22
    at process.processTicksAndRejections (node:internal/process/task_queues:95:5)
    at async doSetup (C:\Users\Vasyok\AppData\Roaming\npm\node_modules\firebase-tools\lib\init\features\hosting\index.js:141:13)
    at async init (C:\Users\Vasyok\AppData\Roaming\npm\node_modules\firebase-tools\lib\init\index.js:41:9)
[error] 
[error] Error: An unexpected error has occurred.
